0 info it worked if it ends with ok
1 verbose cli [ '/usr/local/bin/node',
1 verbose cli   '/usr/local/bin/npm',
1 verbose cli   'install',
1 verbose cli   'hexo-generator-google-sitemap',
1 verbose cli   '--save' ]
2 info using npm@2.15.5
3 info using node@v4.4.5
4 verbose install initial load of /Users/wangcheng/Desktop/wangchengaction.github.io/package.json
5 verbose installManyTop reading scoped package data from /Users/wangcheng/Desktop/wangchengaction.github.io/node_modules/hexo/package.json
6 verbose installManyTop reading scoped package data from /Users/wangcheng/Desktop/wangchengaction.github.io/node_modules/hexo-deployer-git/package.json
7 verbose installManyTop reading scoped package data from /Users/wangcheng/Desktop/wangchengaction.github.io/node_modules/hexo-generator-archive/package.json
8 verbose installManyTop reading scoped package data from /Users/wangcheng/Desktop/wangchengaction.github.io/node_modules/hexo-generator-baidu-sitemap/package.json
9 verbose installManyTop reading scoped package data from /Users/wangcheng/Desktop/wangchengaction.github.io/node_modules/hexo-generator-category/package.json
10 verbose installManyTop reading scoped package data from /Users/wangcheng/Desktop/wangchengaction.github.io/node_modules/hexo-generator-index/package.json
11 verbose installManyTop reading scoped package data from /Users/wangcheng/Desktop/wangchengaction.github.io/node_modules/hexo-generator-sitemap/package.json
12 verbose installManyTop reading scoped package data from /Users/wangcheng/Desktop/wangchengaction.github.io/node_modules/hexo-generator-tag/package.json
13 verbose installManyTop reading scoped package data from /Users/wangcheng/Desktop/wangchengaction.github.io/node_modules/hexo-renderer-ejs/package.json
14 verbose installManyTop reading scoped package data from /Users/wangcheng/Desktop/wangchengaction.github.io/node_modules/hexo-renderer-marked/package.json
15 verbose installManyTop reading scoped package data from /Users/wangcheng/Desktop/wangchengaction.github.io/node_modules/hexo-renderer-stylus/package.json
16 verbose installManyTop reading scoped package data from /Users/wangcheng/Desktop/wangchengaction.github.io/node_modules/hexo-server/package.json
17 info package.json hexo-generator-baidu-sitemap@0.1.2 license should be a valid SPDX license expression
18 verbose readDependencies loading dependencies from /Users/wangcheng/Desktop/wangchengaction.github.io/package.json
19 silly cache add args [ 'hexo-generator-google-sitemap', null ]
20 verbose cache add spec hexo-generator-google-sitemap
21 silly cache add parsed spec Result {
21 silly cache add   raw: 'hexo-generator-google-sitemap',
21 silly cache add   scope: null,
21 silly cache add   name: 'hexo-generator-google-sitemap',
21 silly cache add   rawSpec: '',
21 silly cache add   spec: 'latest',
21 silly cache add   type: 'tag' }
22 silly addNamed hexo-generator-google-sitemap@latest
23 verbose addNamed "latest" is being treated as a dist-tag for hexo-generator-google-sitemap
24 info addNameTag [ 'hexo-generator-google-sitemap', 'latest' ]
25 silly mapToRegistry name hexo-generator-google-sitemap
26 silly mapToRegistry using default registry
27 silly mapToRegistry registry https://registry.npmjs.org/
28 silly mapToRegistry data Result {
28 silly mapToRegistry   raw: 'hexo-generator-google-sitemap',
28 silly mapToRegistry   scope: null,
28 silly mapToRegistry   name: 'hexo-generator-google-sitemap',
28 silly mapToRegistry   rawSpec: '',
28 silly mapToRegistry   spec: 'latest',
28 silly mapToRegistry   type: 'tag' }
29 silly mapToRegistry uri https://registry.npmjs.org/hexo-generator-google-sitemap
30 verbose addNameTag registry:https://registry.npmjs.org/hexo-generator-google-sitemap not in flight; fetching
31 verbose request uri https://registry.npmjs.org/hexo-generator-google-sitemap
32 verbose request no auth needed
33 info attempt registry request try #1 at 17:53:42
34 verbose request id c04d4196e2cbcb2c
35 http request GET https://registry.npmjs.org/hexo-generator-google-sitemap
36 http 404 https://registry.npmjs.org/hexo-generator-google-sitemap
37 verbose headers { 'content-type': 'application/json',
37 verbose headers   'cache-control': 'max-age=0',
37 verbose headers   'content-length': '2',
37 verbose headers   'accept-ranges': 'bytes',
37 verbose headers   date: 'Sun, 05 Jun 2016 09:53:44 GMT',
37 verbose headers   via: '1.1 varnish',
37 verbose headers   age: '0',
37 verbose headers   connection: 'keep-alive',
37 verbose headers   'x-served-by': 'cache-lax1424-LAX',
37 verbose headers   'x-cache': 'MISS',
37 verbose headers   'x-cache-hits': '0',
37 verbose headers   'x-timer': 'S1465120424.024024,VS0,VE177',
37 verbose headers   vary: 'Accept-Encoding' }
38 silly get cb [ 404,
38 silly get   { 'content-type': 'application/json',
38 silly get     'cache-control': 'max-age=0',
38 silly get     'content-length': '2',
38 silly get     'accept-ranges': 'bytes',
38 silly get     date: 'Sun, 05 Jun 2016 09:53:44 GMT',
38 silly get     via: '1.1 varnish',
38 silly get     age: '0',
38 silly get     connection: 'keep-alive',
38 silly get     'x-served-by': 'cache-lax1424-LAX',
38 silly get     'x-cache': 'MISS',
38 silly get     'x-cache-hits': '0',
38 silly get     'x-timer': 'S1465120424.024024,VS0,VE177',
38 silly get     vary: 'Accept-Encoding' } ]
39 verbose stack Error: Registry returned 404 for GET on https://registry.npmjs.org/hexo-generator-google-sitemap
39 verbose stack     at makeError (/usr/local/lib/node_modules/npm/node_modules/npm-registry-client/lib/request.js:264:12)
39 verbose stack     at CachingRegistryClient.<anonymous> (/usr/local/lib/node_modules/npm/node_modules/npm-registry-client/lib/request.js:242:14)
39 verbose stack     at Request._callback (/usr/local/lib/node_modules/npm/node_modules/npm-registry-client/lib/request.js:172:14)
39 verbose stack     at Request.self.callback (/usr/local/lib/node_modules/npm/node_modules/request/request.js:200:22)
39 verbose stack     at emitTwo (events.js:87:13)
39 verbose stack     at Request.emit (events.js:172:7)
39 verbose stack     at Request.<anonymous> (/usr/local/lib/node_modules/npm/node_modules/request/request.js:1067:10)
39 verbose stack     at emitOne (events.js:82:20)
39 verbose stack     at Request.emit (events.js:169:7)
39 verbose stack     at IncomingMessage.<anonymous> (/usr/local/lib/node_modules/npm/node_modules/request/request.js:988:12)
40 verbose statusCode 404
41 verbose pkgid hexo-generator-google-sitemap
42 verbose cwd /Users/wangcheng/Desktop/wangchengaction.github.io
43 error Darwin 15.5.0
44 error argv "/usr/local/bin/node" "/usr/local/bin/npm" "install" "hexo-generator-google-sitemap" "--save"
45 error node v4.4.5
46 error npm  v2.15.5
47 error code E404
48 error 404 Registry returned 404 for GET on https://registry.npmjs.org/hexo-generator-google-sitemap
48 error 404
48 error 404 'hexo-generator-google-sitemap' is not in the npm registry.
48 error 404 You should bug the author to publish it (or use the name yourself!)
48 error 404 It was specified as a dependency of 'hexo-site'
48 error 404
48 error 404 Note that you can also install from a
48 error 404 tarball, folder, http url, or git url.
49 verbose exit [ 1, true ]
